Design Assistant report for four_bit_microprocessor
Sat Sep  2 09:05:56 2023
Quartus Prime Version 22.1std.2 Build 922 07/20/2023 SC Lite Edition


---------------------
; Table of Contents ;
---------------------
  1. Legal Notice
  2. Design Assistant Summary
  3. Design Assistant Messages



----------------
; Legal Notice ;
----------------
Copyright (C) 2023  Intel Corporation. All rights reserved.
Your use of Intel Corporation's design tools, logic functions 
and other software and tools, and any partner logic 
functions, and any output files from any of the foregoing 
(including device programming or simulation files), and any 
associated documentation or information are expressly subject 
to the terms and conditions of the Intel Program License 
Subscription Agreement, the Intel Quartus Prime License Agreement,
the Intel FPGA IP License Agreement, or other applicable license
agreement, including, without limitation, that your use is for
the sole purpose of programming logic devices manufactured by
Intel and sold by Intel or its authorized distributors.  Please
refer to the applicable agreement for further details, at
https://fpgasoftware.intel.com/eula.



+-----------------------------------------------------------------------+
; Design Assistant Summary                                              ;
+-----------------------------------+-----------------------------------+
; Design Assistant Status           ; Failed - Sat Sep  2 09:05:56 2023 ;
; Revision Name                     ; four_bit_microprocessor           ;
; Top-level Entity Name             ; four_bit_microprocessor           ;
; Family                            ; MAX 10                            ;
; Total Critical Violations         ; 0                                 ;
; Total High Violations             ; 0                                 ;
; Total Medium Violations           ; 0                                 ;
; Total Information only Violations ; 0                                 ;
+-----------------------------------+-----------------------------------+


+---------------------------+
; Design Assistant Messages ;
+---------------------------+
Info: *******************************************************************
Info: Running Quartus Prime Design Assistant
    Info: Version 22.1std.2 Build 922 07/20/2023 SC Lite Edition
    Info: Processing started: Sat Sep  2 09:05:55 2023
Info: Command: quartus_drc four_bit_microprocessor -c four_bit_microprocessor
Warning (18236): Number of processors has not been specified which may cause overloading on shared machines.  Set the global assignment NUM_PARALLEL_PROCESSORS in your QSF to an appropriate value for best performance.
Error (12595): Design Assistant information: Design Assistant does not support current family.
Error: Quartus Prime Design Assistant was unsuccessful. 1 error, 1 warning
    Error: Peak virtual memory: 4619 megabytes
    Error: Processing ended: Sat Sep  2 09:05:56 2023
    Error: Elapsed time: 00:00:01
    Error: Total CPU time (on all processors): 00:00:01


